<?xml version="1.0" encoding="UTF-8"?>
<robot generator="Robot 7.0.1 (Python 3.10.12 on linux)" generated="2024-11-06T17:10:09.532271" rpa="false" schemaversion="5">
<suite id="s1" name="TC UP POLICY PRECEDENCE SMF" source="/home/exceeding/Mantra_5G/TC_UP_POLICY_PRECEDENCE_SMF/TC_UP_POLICY_PRECEDENCE_SMF.robot">
<test id="s1-t1" name="Execute Commands, Capture Packets, and Convert to JSON" line="20">
<kw name="Run Process" owner="Process">
<msg time="2024-11-06T17:10:09.554291" level="INFO">Starting process:
gnome-terminal -- bash -c "tshark -i lo -f 'sctp and host 127.0.0.5 and port 38412' -w /home/exceeding/PCAP/nr_rrc_capture.pcap; exec bash"</msg>
<msg time="2024-11-06T17:10:09.556803" level="INFO">Waiting for process to complete.</msg>
<msg time="2024-11-06T17:10:09.671064" level="INFO">Process completed.</msg>
<msg time="2024-11-06T17:10:09.671464" level="INFO">${tshark_output} = &lt;result object with rc 0&gt;</msg>
<var>${tshark_output}</var>
<arg>${TSHARK_COMMAND}</arg>
<arg>shell=True</arg>
<doc>Runs a process and waits for it to complete.</doc>
<status status="PASS" start="2024-11-06T17:10:09.554126" elapsed="0.117378"/>
</kw>
<kw name="Log" owner="BuiltIn">
<msg time="2024-11-06T17:10:09.672326" level="INFO">Tshark started</msg>
<arg>Tshark started</arg>
<doc>Logs the given message with the given level.</doc>
<status status="PASS" start="2024-11-06T17:10:09.672047" elapsed="0.000319"/>
</kw>
<kw name="Sleep" owner="BuiltIn">
<msg time="2024-11-06T17:10:14.672811" level="INFO">Slept 5 seconds.</msg>
<arg>5s</arg>
<doc>Pauses the test executed for the given time.</doc>
<status status="PASS" start="2024-11-06T17:10:09.672465" elapsed="5.000535"/>
</kw>
<kw name="Run Process" owner="Process">
<msg time="2024-11-06T17:10:14.673758" level="INFO">Starting process:
gnome-terminal -- bash -c "cd /home/exceeding/ueransim/UERANSIM/config &amp;&amp; ../build/nr-gnb -c gnb1.yaml; exec bash"</msg>
<msg time="2024-11-06T17:10:14.676390" level="INFO">Waiting for process to complete.</msg>
<msg time="2024-11-06T17:10:14.806678" level="INFO">Process completed.</msg>
<msg time="2024-11-06T17:10:14.807007" level="INFO">${gnb_output} = &lt;result object with rc 0&gt;</msg>
<var>${gnb_output}</var>
<arg>${GNB_COMMAND}</arg>
<arg>shell=True</arg>
<doc>Runs a process and waits for it to complete.</doc>
<status status="PASS" start="2024-11-06T17:10:14.673383" elapsed="0.133654"/>
</kw>
<kw name="Log" owner="BuiltIn">
<msg time="2024-11-06T17:10:14.807825" level="INFO">gNB started</msg>
<arg>gNB started</arg>
<doc>Logs the given message with the given level.</doc>
<status status="PASS" start="2024-11-06T17:10:14.807584" elapsed="0.000277"/>
</kw>
<kw name="Sleep" owner="BuiltIn">
<msg time="2024-11-06T17:10:19.808267" level="INFO">Slept 5 seconds.</msg>
<arg>5s</arg>
<doc>Pauses the test executed for the given time.</doc>
<status status="PASS" start="2024-11-06T17:10:14.807991" elapsed="5.000432"/>
</kw>
<kw name="Run Process" owner="Process">
<msg time="2024-11-06T17:10:19.809048" level="INFO">Starting process:
gnome-terminal -- bash -c "cd /home/exceeding/ueransim/UERANSIM/config &amp;&amp; ../build/nr-ue -c ue1.yaml; exec bash"</msg>
<msg time="2024-11-06T17:10:19.811327" level="INFO">Waiting for process to complete.</msg>
<msg time="2024-11-06T17:10:19.926380" level="INFO">Process completed.</msg>
<msg time="2024-11-06T17:10:19.926730" level="INFO">${ue_output} = &lt;result object with rc 0&gt;</msg>
<var>${ue_output}</var>
<arg>${UE_COMMAND}</arg>
<arg>shell=True</arg>
<doc>Runs a process and waits for it to complete.</doc>
<status status="PASS" start="2024-11-06T17:10:19.808783" elapsed="0.117984"/>
</kw>
<kw name="Log" owner="BuiltIn">
<msg time="2024-11-06T17:10:19.927582" level="INFO">UE started</msg>
<arg>UE started</arg>
<doc>Logs the given message with the given level.</doc>
<status status="PASS" start="2024-11-06T17:10:19.927318" elapsed="0.000315"/>
</kw>
<kw name="Sleep" owner="BuiltIn">
<msg time="2024-11-06T17:10:29.928102" level="INFO">Slept 10 seconds.</msg>
<arg>10s</arg>
<doc>Pauses the test executed for the given time.</doc>
<status status="PASS" start="2024-11-06T17:10:19.927786" elapsed="10.000439"/>
</kw>
<kw name="Stop UE Process">
<kw name="Run Process" owner="Process">
<msg time="2024-11-06T17:10:29.929819" level="INFO">Starting process:
pkill -f nr-ue</msg>
<msg time="2024-11-06T17:10:29.932414" level="INFO">Waiting for process to complete.</msg>
<msg time="2024-11-06T17:10:29.946560" level="INFO">Process completed.</msg>
<msg time="2024-11-06T17:10:29.946865" level="INFO">${ue_stop} = &lt;result object with rc -15&gt;</msg>
<var>${ue_stop}</var>
<arg>${STOP_UE_CMD}</arg>
<arg>shell=True</arg>
<doc>Runs a process and waits for it to complete.</doc>
<status status="PASS" start="2024-11-06T17:10:29.929627" elapsed="0.017267"/>
</kw>
<kw name="Log" owner="BuiltIn">
<msg time="2024-11-06T17:10:29.947492" level="INFO">UE stopped</msg>
<arg>UE stopped</arg>
<doc>Logs the given message with the given level.</doc>
<status status="PASS" start="2024-11-06T17:10:29.947273" elapsed="0.000249"/>
</kw>
<doc>Stop the UE process</doc>
<status status="PASS" start="2024-11-06T17:10:29.929100" elapsed="0.018505"/>
</kw>
<kw name="Sleep" owner="BuiltIn">
<msg time="2024-11-06T17:10:31.948280" level="INFO">Slept 2 seconds.</msg>
<arg>2s</arg>
<doc>Pauses the test executed for the given time.</doc>
<status status="PASS" start="2024-11-06T17:10:29.947742" elapsed="2.000672"/>
</kw>
<kw name="Stop GNB Process">
<kw name="Run Process" owner="Process">
<msg time="2024-11-06T17:10:31.949303" level="INFO">Starting process:
pkill -f nr-gnb</msg>
<msg time="2024-11-06T17:10:31.951951" level="INFO">Waiting for process to complete.</msg>
<msg time="2024-11-06T17:10:31.966099" level="INFO">Process completed.</msg>
<msg time="2024-11-06T17:10:31.966368" level="INFO">${gnb_stop} = &lt;result object with rc -15&gt;</msg>
<var>${gnb_stop}</var>
<arg>${STOP_GNB_CMD}</arg>
<arg>shell=True</arg>
<doc>Runs a process and waits for it to complete.</doc>
<status status="PASS" start="2024-11-06T17:10:31.949101" elapsed="0.017299"/>
</kw>
<kw name="Log" owner="BuiltIn">
<msg time="2024-11-06T17:10:31.967103" level="INFO">gNB stopped</msg>
<arg>gNB stopped</arg>
<doc>Logs the given message with the given level.</doc>
<status status="PASS" start="2024-11-06T17:10:31.966803" elapsed="0.000344"/>
</kw>
<doc>Stop the gNB process</doc>
<status status="PASS" start="2024-11-06T17:10:31.948755" elapsed="0.018496"/>
</kw>
<kw name="Sleep" owner="BuiltIn">
<msg time="2024-11-06T17:10:33.968084" level="INFO">Slept 2 seconds.</msg>
<arg>2s</arg>
<doc>Pauses the test executed for the given time.</doc>
<status status="PASS" start="2024-11-06T17:10:31.967450" elapsed="2.000824"/>
</kw>
<kw name="Stop Tshark Process">
<kw name="Run Process" owner="Process">
<msg time="2024-11-06T17:10:33.969364" level="INFO">Starting process:
pkill tshark</msg>
<msg time="2024-11-06T17:10:33.972006" level="INFO">Waiting for process to complete.</msg>
<msg time="2024-11-06T17:10:33.986030" level="INFO">Process completed.</msg>
<msg time="2024-11-06T17:10:33.986368" level="INFO">${tshark_stop} = &lt;result object with rc 0&gt;</msg>
<var>${tshark_stop}</var>
<arg>${STOP_TSHARK_CMD}</arg>
<arg>shell=True</arg>
<doc>Runs a process and waits for it to complete.</doc>
<status status="PASS" start="2024-11-06T17:10:33.969151" elapsed="0.017268"/>
</kw>
<kw name="Log" owner="BuiltIn">
<msg time="2024-11-06T17:10:33.986965" level="INFO">Tshark stopped</msg>
<arg>Tshark stopped</arg>
<doc>Logs the given message with the given level.</doc>
<status status="PASS" start="2024-11-06T17:10:33.986767" elapsed="0.000230"/>
</kw>
<doc>Stop the tshark process</doc>
<status status="PASS" start="2024-11-06T17:10:33.968822" elapsed="0.018250"/>
</kw>
<kw name="Check And Convert Pcap">
<kw name="Get File Size" owner="OperatingSystem">
<msg time="2024-11-06T17:10:33.987690" level="INFO" html="true">Size of file '&lt;a href="file:///home/exceeding/PCAP/nr_rrc_capture.pcap"&gt;/home/exceeding/PCAP/nr_rrc_capture.pcap&lt;/a&gt;' is 4764 bytes.</msg>
<msg time="2024-11-06T17:10:33.987749" level="INFO">${file_size} = 4764</msg>
<var>${file_size}</var>
<arg>${PCAP_PATH}</arg>
<doc>Returns and logs file size as an integer in bytes.</doc>
<status status="PASS" start="2024-11-06T17:10:33.987521" elapsed="0.000242"/>
</kw>
<kw name="Run Keyword If" owner="BuiltIn">
<kw name="Convert Pcap to Json">
<kw name="Run Process" owner="Process">
<msg time="2024-11-06T17:10:33.988399" level="INFO">Starting process:
gnome-terminal -- bash -c "tshark -r /home/exceeding/PCAP/nr_rrc_capture.pcap -T json &gt; /home/exceeding/PCAP/nr_rrc.json; exec bash"</msg>
<msg time="2024-11-06T17:10:33.990405" level="INFO">Waiting for process to complete.</msg>
<msg time="2024-11-06T17:10:34.106135" level="INFO">Process completed.</msg>
<msg time="2024-11-06T17:10:34.106507" level="INFO">${convert_output} = &lt;result object with rc 0&gt;</msg>
<var>${convert_output}</var>
<arg>${TSHARK_COMMAND1}</arg>
<arg>shell=True</arg>
<doc>Runs a process and waits for it to complete.</doc>
<status status="PASS" start="2024-11-06T17:10:33.988274" elapsed="0.118262"/>
</kw>
<kw name="Log" owner="BuiltIn">
<msg time="2024-11-06T17:10:34.107195" level="INFO">Pcap converted to JSON: &lt;result object with rc 0&gt;</msg>
<arg>Pcap converted to JSON: ${convert_output}</arg>
<doc>Logs the given message with the given level.</doc>
<status status="PASS" start="2024-11-06T17:10:34.106907" elapsed="0.000324"/>
</kw>
<doc>Convert the captured pcap file to a JSON file in a new terminal</doc>
<status status="PASS" start="2024-11-06T17:10:33.988127" elapsed="0.119193"/>
</kw>
<arg>${file_size} &gt; 0</arg>
<arg>Convert Pcap to Json</arg>
<doc>Runs the given keyword with the given arguments, if ``condition`` is true.</doc>
<status status="PASS" start="2024-11-06T17:10:33.987911" elapsed="0.119459"/>
</kw>
<kw name="Run Keyword If" owner="BuiltIn">
<arg>${file_size} == 0</arg>
<arg>Log</arg>
<arg>PCAP file is empty, skipping JSON conversion</arg>
<doc>Runs the given keyword with the given arguments, if ``condition`` is true.</doc>
<status status="PASS" start="2024-11-06T17:10:34.107473" elapsed="0.000152"/>
</kw>
<doc>Convert the captured pcap file to JSON if it is not empty</doc>
<status status="PASS" start="2024-11-06T17:10:33.987308" elapsed="0.120370"/>
</kw>
<kw name="Sleep" owner="BuiltIn">
<msg time="2024-11-06T17:10:39.108323" level="INFO">Slept 5 seconds.</msg>
<arg>5s</arg>
<doc>Pauses the test executed for the given time.</doc>
<status status="PASS" start="2024-11-06T17:10:34.107818" elapsed="5.000631"/>
</kw>
<kw name="Run Python Script">
<kw name="Run Process" owner="Process">
<msg time="2024-11-06T17:10:39.109950" level="INFO">Starting process:
python3 /home/exceeding/Mantra_5G/TC_UP_POLICY_PRECEDENCE_SMF/Json.py</msg>
<msg time="2024-11-06T17:10:39.112639" level="INFO">Waiting for process to complete.</msg>
<msg time="2024-11-06T17:10:39.132176" level="INFO">Process completed.</msg>
<msg time="2024-11-06T17:10:39.132547" level="INFO">${result} = &lt;result object with rc 0&gt;</msg>
<var>${result}</var>
<arg>python3</arg>
<arg>${PYTHON_SCRIPT_PATH}</arg>
<arg>stdout=stdout.txt</arg>
<arg>stderr=stderr.txt</arg>
<doc>Runs a process and waits for it to complete.</doc>
<status status="PASS" start="2024-11-06T17:10:39.109408" elapsed="0.023172"/>
</kw>
<kw name="Get File" owner="OperatingSystem">
<msg time="2024-11-06T17:10:39.133192" level="INFO" html="true">Getting file '&lt;a href="file:///home/exceeding/Mantra_5G/TC_UP_POLICY_PRECEDENCE_SMF/stdout.txt"&gt;/home/exceeding/Mantra_5G/TC_UP_POLICY_PRECEDENCE_SMF/stdout.txt&lt;/a&gt;'.</msg>
<msg time="2024-11-06T17:10:39.133332" level="INFO">${output} = ngap.integrityProtectionIndication: 0 found in the JSON file.
ngap.confidentialityProtectionIndication: 0 found in the JSON file.
ngap.maximumIntegrityProtectedDataRate_UL: 1 found in the JSON file.
</msg>
<var>${output}</var>
<arg>stdout.txt</arg>
<doc>Returns the contents of a specified file.</doc>
<status status="PASS" start="2024-11-06T17:10:39.132951" elapsed="0.000398"/>
</kw>
<kw name="Get File" owner="OperatingSystem">
<msg time="2024-11-06T17:10:39.133500" level="INFO" html="true">Getting file '&lt;a href="file:///home/exceeding/Mantra_5G/TC_UP_POLICY_PRECEDENCE_SMF/stderr.txt"&gt;/home/exceeding/Mantra_5G/TC_UP_POLICY_PRECEDENCE_SMF/stderr.txt&lt;/a&gt;'.</msg>
<msg time="2024-11-06T17:10:39.133587" level="INFO">${error} = </msg>
<var>${error}</var>
<arg>stderr.txt</arg>
<doc>Returns the contents of a specified file.</doc>
<status status="PASS" start="2024-11-06T17:10:39.133421" elapsed="0.000182"/>
</kw>
<kw name="Log" owner="BuiltIn">
<msg time="2024-11-06T17:10:39.133798" level="INFO">Output: ngap.integrityProtectionIndication: 0 found in the JSON file.
ngap.confidentialityProtectionIndication: 0 found in the JSON file.
ngap.maximumIntegrityProtectedDataRate_UL: 1 found in the JSON file.
</msg>
<arg>Output: ${output}</arg>
<doc>Logs the given message with the given level.</doc>
<status status="PASS" start="2024-11-06T17:10:39.133682" elapsed="0.000145"/>
</kw>
<kw name="Log" owner="BuiltIn">
<msg time="2024-11-06T17:10:39.133968" level="INFO">Errors: </msg>
<arg>Errors: ${error}</arg>
<doc>Logs the given message with the given level.</doc>
<status status="PASS" start="2024-11-06T17:10:39.133889" elapsed="0.000104"/>
</kw>
<kw name="Should Be Equal As Integers" owner="BuiltIn">
<msg time="2024-11-06T17:10:39.134634" level="INFO">Argument types are:
&lt;class 'int'&gt;
&lt;class 'str'&gt;</msg>
<arg>${result.rc}</arg>
<arg>0</arg>
<arg>The Python script did not execute successfully.</arg>
<doc>Fails if objects are unequal after converting them to integers.</doc>
<status status="PASS" start="2024-11-06T17:10:39.134069" elapsed="0.000609"/>
</kw>
<kw name="Validate Status">
<kw name="Create List" owner="BuiltIn">
<msg time="2024-11-06T17:10:39.135223" level="INFO">${expected_messages} = ['ngap.integrityProtectionIndication: 0', 'ngap.confidentialityProtectionIndication: 0', 'ngap.maximumIntegrityProtectedDataRate_UL: 1']</msg>
<var>${expected_messages}</var>
<arg>ngap.integrityProtectionIndication: 0</arg>
<arg>ngap.confidentialityProtectionIndication: 0</arg>
<arg>ngap.maximumIntegrityProtectedDataRate_UL: 1</arg>
<doc>Returns a list containing given items.</doc>
<status status="PASS" start="2024-11-06T17:10:39.135115" elapsed="0.000123"/>
</kw>
<for flavor="IN">
<iter>
<kw name="Should Contain" owner="BuiltIn">
<arg>${output}</arg>
<arg>${message}</arg>
<arg>${message} not found in the output.</arg>
<doc>Fails if ``container`` does not contain ``item`` one or more times.</doc>
<status status="PASS" start="2024-11-06T17:10:39.135506" elapsed="0.000144"/>
</kw>
<var name="${message}">ngap.integrityProtectionIndication: 0</var>
<status status="PASS" start="2024-11-06T17:10:39.135441" elapsed="0.000237"/>
</iter>
<iter>
<kw name="Should Contain" owner="BuiltIn">
<arg>${output}</arg>
<arg>${message}</arg>
<arg>${message} not found in the output.</arg>
<doc>Fails if ``container`` does not contain ``item`` one or more times.</doc>
<status status="PASS" start="2024-11-06T17:10:39.135784" elapsed="0.000129"/>
</kw>
<var name="${message}">ngap.confidentialityProtectionIndication: 0</var>
<status status="PASS" start="2024-11-06T17:10:39.135738" elapsed="0.000201"/>
</iter>
<iter>
<kw name="Should Contain" owner="BuiltIn">
<arg>${output}</arg>
<arg>${message}</arg>
<arg>${message} not found in the output.</arg>
<doc>Fails if ``container`` does not contain ``item`` one or more times.</doc>
<status status="PASS" start="2024-11-06T17:10:39.136030" elapsed="0.000125"/>
</kw>
<var name="${message}">ngap.maximumIntegrityProtectedDataRate_UL: 1</var>
<status status="PASS" start="2024-11-06T17:10:39.135987" elapsed="0.000194"/>
</iter>
<var>${message}</var>
<value>@{expected_messages}</value>
<status status="PASS" start="2024-11-06T17:10:39.135315" elapsed="0.000882"/>
</for>
<kw name="Log" owner="BuiltIn">
<msg time="2024-11-06T17:10:39.136329" level="INFO">All expected status messages found in the output.</msg>
<arg>All expected status messages found in the output.</arg>
<doc>Logs the given message with the given level.</doc>
<status status="PASS" start="2024-11-06T17:10:39.136262" elapsed="0.000092"/>
</kw>
<arg>${output}</arg>
<status status="PASS" start="2024-11-06T17:10:39.134879" elapsed="0.001512"/>
</kw>
<doc>Run Python script to validate JSON content</doc>
<status status="PASS" start="2024-11-06T17:10:39.108962" elapsed="0.027503"/>
</kw>
<doc>Run tshark, gNB, and UE commands in separate terminals, capture packets, stop processes, and convert to JSON.</doc>
<status status="PASS" start="2024-11-06T17:10:09.553547" elapsed="29.583097"/>
</test>
<status status="PASS" start="2024-11-06T17:10:09.533014" elapsed="29.604032"/>
</suite>
<statistics>
<total>
<stat pass="1" fail="0" skip="0">All Tests</stat>
</total>
<tag>
</tag>
<suite>
<stat pass="1" fail="0" skip="0" id="s1" name="TC UP POLICY PRECEDENCE SMF">TC UP POLICY PRECEDENCE SMF</stat>
</suite>
</statistics>
<errors>
</errors>
</robot>
