<?xml version="1.0" encoding="UTF-8"?>
<robot generator="Robot 7.0.1 (Python 3.10.12 on linux)" generated="2025-02-26T15:54:26.982694" rpa="false" schemaversion="5">
<suite id="s1" name="TC UP POLICY PRECEDENCE SMF" source="/home/exceeding/Mantra_5G/spezifische Testkatalog/TC_UP_POLICY_PRECEDENCE_SMF/TC_UP_POLICY_PRECEDENCE_SMF.robot">
<test id="s1-t1" name="Execute Commands, Capture Packets, and Convert to JSON" line="7">
<kw name="Run Process" owner="Process">
<msg time="2025-02-26T15:54:27.009658" level="INFO">Starting process:
gnome-terminal -- bash -c "tshark -i lo -f 'sctp and host 127.0.0.5 and port 38412' -w /home/exceeding/PCAP/nr_rrc_capture.pcap; exec bash"</msg>
<msg time="2025-02-26T15:54:27.013809" level="INFO">Waiting for process to complete.</msg>
<msg time="2025-02-26T15:54:27.131226" level="INFO">Process completed.</msg>
<msg time="2025-02-26T15:54:27.131844" level="INFO">${tshark_output} = &lt;result object with rc 0&gt;</msg>
<var>${tshark_output}</var>
<arg>${TSHARK_COMMAND}</arg>
<arg>shell=True</arg>
<doc>Runs a process and waits for it to complete.</doc>
<status status="PASS" start="2025-02-26T15:54:27.009477" elapsed="0.122412"/>
</kw>
<kw name="Log" owner="BuiltIn">
<msg time="2025-02-26T15:54:27.133130" level="INFO">Tshark started</msg>
<arg>Tshark started</arg>
<doc>Logs the given message with the given level.</doc>
<status status="PASS" start="2025-02-26T15:54:27.132698" elapsed="0.000495"/>
</kw>
<kw name="Sleep" owner="BuiltIn">
<msg time="2025-02-26T15:54:32.133737" level="INFO">Slept 5 seconds.</msg>
<arg>5s</arg>
<doc>Pauses the test executed for the given time.</doc>
<status status="PASS" start="2025-02-26T15:54:27.133353" elapsed="5.000624"/>
</kw>
<kw name="Run Process" owner="Process">
<msg time="2025-02-26T15:54:32.134855" level="INFO">Starting process:
gnome-terminal -- bash -c "cd /home/exceeding/ueransim/UERANSIM/config &amp;&amp; ../build/nr-gnb -c gnb1.yaml; exec bash"</msg>
<msg time="2025-02-26T15:54:32.142029" level="INFO">Waiting for process to complete.</msg>
<msg time="2025-02-26T15:54:32.274039" level="INFO">Process completed.</msg>
<msg time="2025-02-26T15:54:32.274522" level="INFO">${gnb_output} = &lt;result object with rc 0&gt;</msg>
<var>${gnb_output}</var>
<arg>${GNB_COMMAND}</arg>
<arg>shell=True</arg>
<doc>Runs a process and waits for it to complete.</doc>
<status status="PASS" start="2025-02-26T15:54:32.134423" elapsed="0.140134"/>
</kw>
<kw name="Log" owner="BuiltIn">
<msg time="2025-02-26T15:54:32.275191" level="INFO">gNB started</msg>
<arg>gNB started</arg>
<doc>Logs the given message with the given level.</doc>
<status status="PASS" start="2025-02-26T15:54:32.274967" elapsed="0.000258"/>
</kw>
<kw name="Sleep" owner="BuiltIn">
<msg time="2025-02-26T15:54:37.275998" level="INFO">Slept 5 seconds.</msg>
<arg>5s</arg>
<doc>Pauses the test executed for the given time.</doc>
<status status="PASS" start="2025-02-26T15:54:32.275331" elapsed="5.000867"/>
</kw>
<kw name="Run Process" owner="Process">
<msg time="2025-02-26T15:54:37.276678" level="INFO">Starting process:
gnome-terminal -- bash -c "cd /home/exceeding/ueransim/UERANSIM/config &amp;&amp; ../build/nr-ue -c ue1.yaml; exec bash"</msg>
<msg time="2025-02-26T15:54:37.279408" level="INFO">Waiting for process to complete.</msg>
<msg time="2025-02-26T15:54:37.418298" level="INFO">Process completed.</msg>
<msg time="2025-02-26T15:54:37.418625" level="INFO">${ue_output} = &lt;result object with rc 0&gt;</msg>
<var>${ue_output}</var>
<arg>${UE_COMMAND}</arg>
<arg>shell=True</arg>
<doc>Runs a process and waits for it to complete.</doc>
<status status="PASS" start="2025-02-26T15:54:37.276395" elapsed="0.142262"/>
</kw>
<kw name="Log" owner="BuiltIn">
<msg time="2025-02-26T15:54:37.419315" level="INFO">UE started</msg>
<arg>UE started</arg>
<doc>Logs the given message with the given level.</doc>
<status status="PASS" start="2025-02-26T15:54:37.419076" elapsed="0.000277"/>
</kw>
<kw name="Sleep" owner="BuiltIn">
<msg time="2025-02-26T15:54:47.419719" level="INFO">Slept 10 seconds.</msg>
<arg>10s</arg>
<doc>Pauses the test executed for the given time.</doc>
<status status="PASS" start="2025-02-26T15:54:37.419437" elapsed="10.000412"/>
</kw>
<kw name="Stop UE Process">
<kw name="Run Process" owner="Process">
<msg time="2025-02-26T15:54:47.421028" level="INFO">Starting process:
pkill -f nr-ue</msg>
<msg time="2025-02-26T15:54:47.423733" level="INFO">Waiting for process to complete.</msg>
<msg time="2025-02-26T15:54:47.436459" level="INFO">Process completed.</msg>
<msg time="2025-02-26T15:54:47.436722" level="INFO">${ue_stop} = &lt;result object with rc -15&gt;</msg>
<var>${ue_stop}</var>
<arg>${STOP_UE_CMD}</arg>
<arg>shell=True</arg>
<doc>Runs a process and waits for it to complete.</doc>
<status status="PASS" start="2025-02-26T15:54:47.420829" elapsed="0.015920"/>
</kw>
<kw name="Log" owner="BuiltIn">
<msg time="2025-02-26T15:54:47.437256" level="INFO">UE stopped</msg>
<arg>UE stopped</arg>
<doc>Logs the given message with the given level.</doc>
<status status="PASS" start="2025-02-26T15:54:47.437062" elapsed="0.000225"/>
</kw>
<doc>Stop the UE process</doc>
<status status="PASS" start="2025-02-26T15:54:47.420336" elapsed="0.017025"/>
</kw>
<kw name="Sleep" owner="BuiltIn">
<msg time="2025-02-26T15:54:49.437691" level="INFO">Slept 2 seconds.</msg>
<arg>2s</arg>
<doc>Pauses the test executed for the given time.</doc>
<status status="PASS" start="2025-02-26T15:54:47.437448" elapsed="2.000363"/>
</kw>
<kw name="Stop GNB Process">
<kw name="Run Process" owner="Process">
<msg time="2025-02-26T15:54:49.438655" level="INFO">Starting process:
pkill -f nr-gnb</msg>
<msg time="2025-02-26T15:54:49.441479" level="INFO">Waiting for process to complete.</msg>
<msg time="2025-02-26T15:54:49.454110" level="INFO">Process completed.</msg>
<msg time="2025-02-26T15:54:49.454352" level="INFO">${gnb_stop} = &lt;result object with rc -15&gt;</msg>
<var>${gnb_stop}</var>
<arg>${STOP_GNB_CMD}</arg>
<arg>shell=True</arg>
<doc>Runs a process and waits for it to complete.</doc>
<status status="PASS" start="2025-02-26T15:54:49.438454" elapsed="0.015925"/>
</kw>
<kw name="Log" owner="BuiltIn">
<msg time="2025-02-26T15:54:49.454950" level="INFO">gNB stopped</msg>
<arg>gNB stopped</arg>
<doc>Logs the given message with the given level.</doc>
<status status="PASS" start="2025-02-26T15:54:49.454703" elapsed="0.000287"/>
</kw>
<doc>Stop the gNB process</doc>
<status status="PASS" start="2025-02-26T15:54:49.438125" elapsed="0.016946"/>
</kw>
<kw name="Sleep" owner="BuiltIn">
<msg time="2025-02-26T15:54:51.455427" level="INFO">Slept 2 seconds.</msg>
<arg>2s</arg>
<doc>Pauses the test executed for the given time.</doc>
<status status="PASS" start="2025-02-26T15:54:49.455176" elapsed="2.000382"/>
</kw>
<kw name="Stop Tshark Process">
<kw name="Run Process" owner="Process">
<msg time="2025-02-26T15:54:51.456523" level="INFO">Starting process:
pkill tshark</msg>
<msg time="2025-02-26T15:54:51.459197" level="INFO">Waiting for process to complete.</msg>
<msg time="2025-02-26T15:54:51.472406" level="INFO">Process completed.</msg>
<msg time="2025-02-26T15:54:51.472849" level="INFO">${tshark_stop} = &lt;result object with rc 0&gt;</msg>
<var>${tshark_stop}</var>
<arg>${STOP_TSHARK_CMD}</arg>
<arg>shell=True</arg>
<doc>Runs a process and waits for it to complete.</doc>
<status status="PASS" start="2025-02-26T15:54:51.456296" elapsed="0.016610"/>
</kw>
<kw name="Log" owner="BuiltIn">
<msg time="2025-02-26T15:54:51.473879" level="INFO">Tshark stopped</msg>
<arg>Tshark stopped</arg>
<doc>Logs the given message with the given level.</doc>
<status status="PASS" start="2025-02-26T15:54:51.473472" elapsed="0.000506"/>
</kw>
<doc>Stop the tshark process</doc>
<status status="PASS" start="2025-02-26T15:54:51.455905" elapsed="0.018172"/>
</kw>
<kw name="Check And Convert Pcap">
<kw name="Get File Size" owner="OperatingSystem">
<msg time="2025-02-26T15:54:51.475040" level="INFO" html="true">Size of file '&lt;a href="file:///home/exceeding/PCAP/nr_rrc_capture.pcap"&gt;/home/exceeding/PCAP/nr_rrc_capture.pcap&lt;/a&gt;' is 4764 bytes.</msg>
<msg time="2025-02-26T15:54:51.475109" level="INFO">${file_size} = 4764</msg>
<var>${file_size}</var>
<arg>${PCAP_PATH}</arg>
<doc>Returns and logs file size as an integer in bytes.</doc>
<status status="PASS" start="2025-02-26T15:54:51.474819" elapsed="0.000363"/>
</kw>
<kw name="Run Keyword If" owner="BuiltIn">
<kw name="Convert Pcap to Json">
<kw name="Run Process" owner="Process">
<msg time="2025-02-26T15:54:51.475850" level="INFO">Starting process:
gnome-terminal -- bash -c "tshark -r /home/exceeding/PCAP/nr_rrc_capture.pcap -T json &gt; /home/exceeding/PCAP/nr_rrc.json; exec bash"</msg>
<msg time="2025-02-26T15:54:51.482040" level="INFO">Waiting for process to complete.</msg>
<msg time="2025-02-26T15:54:51.605292" level="INFO">Process completed.</msg>
<msg time="2025-02-26T15:54:51.605698" level="INFO">${convert_output} = &lt;result object with rc 0&gt;</msg>
<var>${convert_output}</var>
<arg>${TSHARK_COMMAND1}</arg>
<arg>shell=True</arg>
<doc>Runs a process and waits for it to complete.</doc>
<status status="PASS" start="2025-02-26T15:54:51.475714" elapsed="0.130025"/>
</kw>
<kw name="Log" owner="BuiltIn">
<msg time="2025-02-26T15:54:51.606601" level="INFO">Pcap converted to JSON: &lt;result object with rc 0&gt;</msg>
<arg>Pcap converted to JSON: ${convert_output}</arg>
<doc>Logs the given message with the given level.</doc>
<status status="PASS" start="2025-02-26T15:54:51.606235" elapsed="0.000417"/>
</kw>
<doc>Convert the captured pcap file to a JSON file in a new terminal</doc>
<status status="PASS" start="2025-02-26T15:54:51.475549" elapsed="0.131202"/>
</kw>
<arg>${file_size} &gt; 0</arg>
<arg>Convert Pcap to Json</arg>
<doc>Runs the given keyword with the given arguments, if ``condition`` is true.</doc>
<status status="PASS" start="2025-02-26T15:54:51.475296" elapsed="0.131532"/>
</kw>
<kw name="Run Keyword If" owner="BuiltIn">
<arg>${file_size} == 0</arg>
<arg>Log</arg>
<arg>PCAP file is empty, skipping JSON conversion</arg>
<doc>Runs the given keyword with the given arguments, if ``condition`` is true.</doc>
<status status="PASS" start="2025-02-26T15:54:51.606967" elapsed="0.000225"/>
</kw>
<doc>Convert the captured pcap file to JSON if it is not empty</doc>
<status status="PASS" start="2025-02-26T15:54:51.474423" elapsed="0.132828"/>
</kw>
<kw name="Sleep" owner="BuiltIn">
<msg time="2025-02-26T15:54:56.607630" level="INFO">Slept 5 seconds.</msg>
<arg>5s</arg>
<doc>Pauses the test executed for the given time.</doc>
<status status="PASS" start="2025-02-26T15:54:51.607352" elapsed="5.000412"/>
</kw>
<kw name="Run Python Script">
<kw name="Run Process" owner="Process">
<msg time="2025-02-26T15:54:56.609079" level="INFO">Starting process:
python3 "/home/exceeding/Mantra_5G/spezifische Testkatalog/TC_UP_POLICY_PRECEDENCE_SMF/Json.py"</msg>
<msg time="2025-02-26T15:54:56.612512" level="INFO">Waiting for process to complete.</msg>
<msg time="2025-02-26T15:54:56.635032" level="INFO">Process completed.</msg>
<msg time="2025-02-26T15:54:56.635351" level="INFO">${result} = &lt;result object with rc 0&gt;</msg>
<var>${result}</var>
<arg>python3</arg>
<arg>${PYTHON_SCRIPT_PATH}</arg>
<arg>stdout=stdout.txt</arg>
<arg>stderr=stderr.txt</arg>
<doc>Runs a process and waits for it to complete.</doc>
<status status="PASS" start="2025-02-26T15:54:56.608587" elapsed="0.026795"/>
</kw>
<kw name="Get File" owner="OperatingSystem">
<msg time="2025-02-26T15:54:56.636029" level="INFO" html="true">Getting file '&lt;a href="file:///home/exceeding/Mantra_5G/stdout.txt"&gt;/home/exceeding/Mantra_5G/stdout.txt&lt;/a&gt;'.</msg>
<msg time="2025-02-26T15:54:56.636323" level="INFO">${output} = ngap.integrityProtectionIndication: 0 found in the JSON file.
ngap.confidentialityProtectionIndication: 0 found in the JSON file.
ngap.maximumIntegrityProtectedDataRate_UL: 1 found in the JSON file.
</msg>
<var>${output}</var>
<arg>stdout.txt</arg>
<doc>Returns the contents of a specified file.</doc>
<status status="PASS" start="2025-02-26T15:54:56.635759" elapsed="0.000583"/>
</kw>
<kw name="Get File" owner="OperatingSystem">
<msg time="2025-02-26T15:54:56.636506" level="INFO" html="true">Getting file '&lt;a href="file:///home/exceeding/Mantra_5G/stderr.txt"&gt;/home/exceeding/Mantra_5G/stderr.txt&lt;/a&gt;'.</msg>
<msg time="2025-02-26T15:54:56.636597" level="INFO">${error} = </msg>
<var>${error}</var>
<arg>stderr.txt</arg>
<doc>Returns the contents of a specified file.</doc>
<status status="PASS" start="2025-02-26T15:54:56.636423" elapsed="0.000191"/>
</kw>
<kw name="Log" owner="BuiltIn">
<msg time="2025-02-26T15:54:56.636832" level="INFO">Output: ngap.integrityProtectionIndication: 0 found in the JSON file.
ngap.confidentialityProtectionIndication: 0 found in the JSON file.
ngap.maximumIntegrityProtectedDataRate_UL: 1 found in the JSON file.
</msg>
<arg>Output: ${output}</arg>
<doc>Logs the given message with the given level.</doc>
<status status="PASS" start="2025-02-26T15:54:56.636699" elapsed="0.000176"/>
</kw>
<kw name="Log" owner="BuiltIn">
<msg time="2025-02-26T15:54:56.637046" level="INFO">Errors: </msg>
<arg>Errors: ${error}</arg>
<doc>Logs the given message with the given level.</doc>
<status status="PASS" start="2025-02-26T15:54:56.636956" elapsed="0.000118"/>
</kw>
<kw name="Should Be Equal As Integers" owner="BuiltIn">
<msg time="2025-02-26T15:54:56.637854" level="INFO">Argument types are:
&lt;class 'int'&gt;
&lt;class 'str'&gt;</msg>
<arg>${result.rc}</arg>
<arg>0</arg>
<arg>The Python script did not execute successfully.</arg>
<doc>Fails if objects are unequal after converting them to integers.</doc>
<status status="PASS" start="2025-02-26T15:54:56.637150" elapsed="0.000755"/>
</kw>
<kw name="Validate Status">
<kw name="Create List" owner="BuiltIn">
<msg time="2025-02-26T15:54:56.638504" level="INFO">${expected_messages} = ['ngap.integrityProtectionIndication: 0', 'ngap.confidentialityProtectionIndication: 0', 'ngap.maximumIntegrityProtectedDataRate_UL: 1']</msg>
<var>${expected_messages}</var>
<arg>ngap.integrityProtectionIndication: 0</arg>
<arg>ngap.confidentialityProtectionIndication: 0</arg>
<arg>ngap.maximumIntegrityProtectedDataRate_UL: 1</arg>
<doc>Returns a list containing given items.</doc>
<status status="PASS" start="2025-02-26T15:54:56.638398" elapsed="0.000123"/>
</kw>
<for flavor="IN">
<iter>
<kw name="Should Contain" owner="BuiltIn">
<arg>${output}</arg>
<arg>${message}</arg>
<arg>${message} not found in the output.</arg>
<doc>Fails if ``container`` does not contain ``item`` one or more times.</doc>
<status status="PASS" start="2025-02-26T15:54:56.638811" elapsed="0.000170"/>
</kw>
<var name="${message}">ngap.integrityProtectionIndication: 0</var>
<status status="PASS" start="2025-02-26T15:54:56.638741" elapsed="0.000272"/>
</iter>
<iter>
<kw name="Should Contain" owner="BuiltIn">
<arg>${output}</arg>
<arg>${message}</arg>
<arg>${message} not found in the output.</arg>
<doc>Fails if ``container`` does not contain ``item`` one or more times.</doc>
<status status="PASS" start="2025-02-26T15:54:56.639135" elapsed="0.000148"/>
</kw>
<var name="${message}">ngap.confidentialityProtectionIndication: 0</var>
<status status="PASS" start="2025-02-26T15:54:56.639077" elapsed="0.000236"/>
</iter>
<iter>
<kw name="Should Contain" owner="BuiltIn">
<arg>${output}</arg>
<arg>${message}</arg>
<arg>${message} not found in the output.</arg>
<doc>Fails if ``container`` does not contain ``item`` one or more times.</doc>
<status status="PASS" start="2025-02-26T15:54:56.639428" elapsed="0.000144"/>
</kw>
<var name="${message}">ngap.maximumIntegrityProtectedDataRate_UL: 1</var>
<status status="PASS" start="2025-02-26T15:54:56.639370" elapsed="0.000231"/>
</iter>
<var>${message}</var>
<value>@{expected_messages}</value>
<status status="PASS" start="2025-02-26T15:54:56.638605" elapsed="0.001016"/>
</for>
<kw name="Log" owner="BuiltIn">
<msg time="2025-02-26T15:54:56.639757" level="INFO">All expected status messages found in the output.</msg>
<arg>All expected status messages found in the output.</arg>
<doc>Logs the given message with the given level.</doc>
<status status="PASS" start="2025-02-26T15:54:56.639695" elapsed="0.000090"/>
</kw>
<arg>${output}</arg>
<status status="PASS" start="2025-02-26T15:54:56.638123" elapsed="0.001705"/>
</kw>
<doc>Run Python script to validate JSON content</doc>
<status status="PASS" start="2025-02-26T15:54:56.608198" elapsed="0.031716"/>
</kw>
<doc>Run tshark, gNB, and UE commands in separate terminals, capture packets, stop processes, and convert to JSON.</doc>
<status status="PASS" start="2025-02-26T15:54:27.008702" elapsed="29.631335"/>
</test>
<status status="PASS" start="2025-02-26T15:54:26.983412" elapsed="29.657111"/>
</suite>
<statistics>
<total>
<stat pass="1" fail="0" skip="0">All Tests</stat>
</total>
<tag>
</tag>
<suite>
<stat pass="1" fail="0" skip="0" id="s1" name="TC UP POLICY PRECEDENCE SMF">TC UP POLICY PRECEDENCE SMF</stat>
</suite>
</statistics>
<errors>
</errors>
</robot>
